5.12.2021, 13:48:53 - INFO - Server is running on port: 3030 
5.12.2021, 14:12:53 - INFO - Server is running on port: 3030 
5.12.2021, 14:13:06 - INFO - Server is running on port: 3030 
5.12.2021, 14:22:23 - INFO - Server is running on port: 3030 
5.12.2021, 14:22:44 - INFO - Server is running on port: 3030 
5.12.2021, 14:27:18 - INFO - Server is running on port: 3030 
5.12.2021, 14:27:30 - INFO - Server is running on port: 3030 
5.12.2021, 14:27:51 - INFO - Server is running on port: 3030 
5.12.2021, 14:28:10 - INFO - Server is running on port: 3030 
5.12.2021, 14:28:17 - INFO - Server is running on port: 3030 
5.12.2021, 14:28:58 - INFO - Server is running on port: 3030 
5.12.2021, 14:30:09 - INFO - Server is running on port: 3030 
5.12.2021, 14:30:17 - ERROR - Failed to get calls ReferenceError: calls is not defined 
5.12.2021, 14:31:30 - INFO - Server is running on port: 3030 
5.12.2021, 14:31:35 - ERROR - Failed to get calls ReferenceError: calls is not defined 
5.12.2021, 14:31:43 - INFO - Server is running on port: 3030 
5.12.2021, 14:32:33 - INFO - Server is running on port: 3030 
5.12.2021, 14:33:42 - INFO - Server is running on port: 3030 
5.12.2021, 14:34:07 - INFO - Server is running on port: 3030 
5.12.2021, 14:34:09 - ERROR - Failed to get calls TypeError: Converting circular structure to JSON
    --> starting at object with constructor 'Topology'
    |     property 's' -> object with constructor 'Object'
    |     property 'sessionPool' -> object with constructor 'ServerSessionPool'
    --- property 'topology' closes the circle 
5.12.2021, 14:34:56 - ERROR - Failed to get calls TypeError: Converting circular structure to JSON
    --> starting at object with constructor 'Topology'
    |     property 's' -> object with constructor 'Object'
    |     property 'sessionPool' -> object with constructor 'ServerSessionPool'
    --- property 'topology' closes the circle 
5.12.2021, 14:35:05 - INFO - Server is running on port: 3030 
5.12.2021, 14:35:23 - INFO - Server is running on port: 3030 
5.12.2021, 14:35:26 - INFO - Server is running on port: 3030 
5.12.2021, 14:35:42 - INFO - Server is running on port: 3030 
5.12.2021, 14:36:08 - INFO - Server is running on port: 3030 
5.12.2021, 14:36:45 - INFO - Server is running on port: 3030 
5.12.2021, 14:39:28 - INFO - Server is running on port: 3030 
5.12.2021, 14:41:56 - INFO - Server is running on port: 3030 
5.12.2021, 14:42:36 - INFO - Server is running on port: 3030 
5.12.2021, 14:53:48 - INFO - Server is running on port: 3030 
5.12.2021, 14:55:25 - INFO - Server is running on port: 3030 
5.12.2021, 15:00:32 - INFO - Server is running on port: 3030 
5.12.2021, 15:02:48 - INFO - Server is running on port: 3030 
5.12.2021, 15:05:25 - INFO - Server is running on port: 3030 
5.12.2021, 15:05:45 - INFO - Server is running on port: 3030 
5.12.2021, 15:05:52 - INFO - Server is running on port: 3030 
5.12.2021, 15:05:57 - INFO - Server is running on port: 3030 
5.12.2021, 15:08:52 - INFO - Server is running on port: 3030 
5.12.2021, 15:09:04 - INFO - Server is running on port: 3030 
5.12.2021, 15:09:53 - ERROR - Failed to get calls ReferenceError: Cannot access 'calls' before initialization 
5.12.2021, 15:10:34 - INFO - Server is running on port: 3030 
5.12.2021, 15:10:36 - ERROR - Failed to get calls ReferenceError: Cannot access 'calls' before initialization 
5.12.2021, 15:12:49 - ERROR - Failed to get calls ReferenceError: Cannot access 'calls' before initialization 
5.12.2021, 15:12:58 - ERROR - Failed to get calls ReferenceError: Cannot access 'calls' before initialization 
5.12.2021, 15:14:10 - ERROR - Failed to get calls ReferenceError: Cannot access 'calls' before initialization 
5.12.2021, 15:14:15 - ERROR - Failed to get calls ReferenceError: Cannot access 'calls' before initialization 
5.12.2021, 15:15:45 - ERROR - Failed to get calls ReferenceError: Cannot access 'calls' before initialization 
5.12.2021, 15:15:55 - ERROR - Failed to get calls ReferenceError: Cannot access 'calls' before initialization 
5.12.2021, 15:15:55 - ERROR - Failed to get calls ReferenceError: Cannot access 'calls' before initialization 
5.12.2021, 15:15:55 - ERROR - Failed to get calls ReferenceError: Cannot access 'calls' before initialization 
5.12.2021, 15:15:56 - ERROR - Failed to get calls ReferenceError: Cannot access 'calls' before initialization 
5.12.2021, 15:15:56 - ERROR - Failed to get calls ReferenceError: Cannot access 'calls' before initialization 
5.12.2021, 15:15:56 - ERROR - Failed to get calls ReferenceError: Cannot access 'calls' before initialization 
5.12.2021, 15:15:56 - ERROR - Failed to get calls ReferenceError: Cannot access 'calls' before initialization 
5.12.2021, 15:15:56 - ERROR - Failed to get calls ReferenceError: Cannot access 'calls' before initialization 
5.12.2021, 15:15:56 - ERROR - Failed to get calls ReferenceError: Cannot access 'calls' before initialization 
5.12.2021, 15:15:56 - ERROR - Failed to get calls ReferenceError: Cannot access 'calls' before initialization 
5.12.2021, 15:16:18 - INFO - Server is running on port: 3030 
5.12.2021, 15:16:19 - ERROR - Failed to get calls ReferenceError: Cannot access 'calls' before initialization 
5.12.2021, 15:16:22 - ERROR - Failed to get calls ReferenceError: Cannot access 'calls' before initialization 
5.12.2021, 15:16:34 - INFO - Server is running on port: 3030 
5.12.2021, 15:16:36 - ERROR - Failed to get calls ReferenceError: Cannot access 'calls' before initialization 
5.12.2021, 15:16:36 - ERROR - Failed to get calls ReferenceError: Cannot access 'calls' before initialization 
5.12.2021, 15:16:50 - INFO - Server is running on port: 3030 
5.12.2021, 15:16:53 - ERROR - Failed to get calls ReferenceError: Cannot access 'calls' before initialization 
5.12.2021, 15:16:54 - ERROR - Failed to get calls ReferenceError: Cannot access 'calls' before initialization 
5.12.2021, 15:16:54 - ERROR - Failed to get calls ReferenceError: Cannot access 'calls' before initialization 
5.12.2021, 15:16:55 - ERROR - Failed to get calls ReferenceError: Cannot access 'calls' before initialization 
5.12.2021, 15:16:55 - ERROR - Failed to get calls ReferenceError: Cannot access 'calls' before initialization 
5.12.2021, 15:16:55 - ERROR - Failed to get calls ReferenceError: Cannot access 'calls' before initialization 
5.12.2021, 15:16:55 - ERROR - Failed to get calls ReferenceError: Cannot access 'calls' before initialization 
5.12.2021, 15:16:55 - ERROR - Failed to get calls ReferenceError: Cannot access 'calls' before initialization 
5.12.2021, 15:17:09 - INFO - Server is running on port: 3030 
5.12.2021, 15:17:11 - ERROR - Failed to get calls ReferenceError: Cannot access 'calls' before initialization 
5.12.2021, 15:17:23 - INFO - Server is running on port: 3030 
5.12.2021, 15:17:28 - ERROR - Failed to get calls ReferenceError: Cannot access 'calls' before initialization 
5.12.2021, 15:17:57 - INFO - Server is running on port: 3030 
5.12.2021, 15:26:44 - INFO - Server is running on port: 3030 
5.12.2021, 15:27:21 - INFO - Server is running on port: 3030 
5.12.2021, 15:27:39 - INFO - Server is running on port: 3030 
